  MZI_2.cpp
E:\Документы\MZI\MZI_2\MZI_2\MZI_2.cpp(55,23): warning C4018: <: несоответствие типов со знаком и без знака
E:\Документы\MZI\MZI_2\MZI_2\MZI_2.cpp(59,41): warning C4244: аргумент: преобразование "unsigned long" в "_Ty", возможна потеря данных
E:\Документы\MZI\MZI_2\MZI_2\MZI_2.cpp(59,41): warning C4244:         with
E:\Документы\MZI\MZI_2\MZI_2\MZI_2.cpp(59,41): warning C4244:         [
E:\Документы\MZI\MZI_2\MZI_2\MZI_2.cpp(59,41): warning C4244:             _Ty=uint8_t
E:\Документы\MZI\MZI_2\MZI_2\MZI_2.cpp(59,41): warning C4244:         ]
E:\Документы\MZI\MZI_2\MZI_2\MZI_2.cpp(93,23): warning C4018: <: несоответствие типов со знаком и без знака
E:\Документы\MZI\MZI_2\MZI_2\MZI_2.cpp(97,41): warning C4244: аргумент: преобразование "unsigned long" в "_Ty", возможна потеря данных
E:\Документы\MZI\MZI_2\MZI_2\MZI_2.cpp(97,41): warning C4244:         with
E:\Документы\MZI\MZI_2\MZI_2\MZI_2.cpp(97,41): warning C4244:         [
E:\Документы\MZI\MZI_2\MZI_2\MZI_2.cpp(97,41): warning C4244:             _Ty=uint8_t
E:\Документы\MZI\MZI_2\MZI_2\MZI_2.cpp(97,41): warning C4244:         ]
E:\Документы\MZI\MZI_2\MZI_2\MZI_2.cpp(131,23): warning C4018: <: несоответствие типов со знаком и без знака
E:\Документы\MZI\MZI_2\MZI_2\MZI_2.cpp(135,41): warning C4244: аргумент: преобразование "unsigned long" в "_Ty", возможна потеря данных
E:\Документы\MZI\MZI_2\MZI_2\MZI_2.cpp(135,41): warning C4244:         with
E:\Документы\MZI\MZI_2\MZI_2\MZI_2.cpp(135,41): warning C4244:         [
E:\Документы\MZI\MZI_2\MZI_2\MZI_2.cpp(135,41): warning C4244:             _Ty=uint8_t
E:\Документы\MZI\MZI_2\MZI_2\MZI_2.cpp(135,41): warning C4244:         ]
  MZI_2.vcxproj -> E:\Документы\MZI\MZI_2\x64\Debug\MZI_2.exe
